{"C:\\Users\\v-tianji\\Desktop\\ghcpd\\grok-fast\\chat-app\\src\\App.css": {"path":"C:\\Users\\v-tianji\\Desktop\\ghcpd\\grok-fast\\chat-app\\src\\App.css","statementMap":{},"fnMap":{},"branchMap":{},"s":{},"f":{},"b":{},"meta":{"lastBranch":0,"lastFunction":0,"lastStatement":0,"seen":{}}}
,"C:\\Users\\v-tianji\\Desktop\\ghcpd\\grok-fast\\chat-app\\src\\App.jsx": {"path":"C:\\Users\\v-tianji\\Desktop\\ghcpd\\grok-fast\\chat-app\\src\\App.jsx","statementMap":{"0":{"start":{"line":7,"column":2},"end":{"line":13,"column":null}}},"fnMap":{"0":{"name":"App","decl":{"start":{"line":6,"column":9},"end":{"line":6,"column":15}},"loc":{"start":{"line":6,"column":15},"end":{"line":15,"column":null}},"line":6}},"branchMap":{},"s":{"0":1},"f":{"0":1},"b":{},"meta":{"lastBranch":0,"lastFunction":1,"lastStatement":1,"seen":{"f:6:9:6:15":0,"s:7:2:13:Infinity":0}}}
,"C:\\Users\\v-tianji\\Desktop\\ghcpd\\grok-fast\\chat-app\\src\\components\\ChatWindow.jsx": {"path":"C:\\Users\\v-tianji\\Desktop\\ghcpd\\grok-fast\\chat-app\\src\\components\\ChatWindow.jsx","statementMap":{"0":{"start":{"line":5,"column":19},"end":{"line":20,"column":null}},"1":{"start":{"line":6,"column":37},"end":{"line":6,"column":null}},"2":{"start":{"line":7,"column":22},"end":{"line":7,"column":null}},"3":{"start":{"line":7,"column":46},"end":{"line":7,"column":66}},"4":{"start":{"line":9,"column":2},"end":{"line":11,"column":null}},"5":{"start":{"line":10,"column":4},"end":{"line":10,"column":null}},"6":{"start":{"line":13,"column":2},"end":{"line":18,"column":null}}},"fnMap":{"0":{"name":"(anonymous_0)","decl":{"start":{"line":5,"column":19},"end":{"line":5,"column":25}},"loc":{"start":{"line":5,"column":25},"end":{"line":20,"column":null}},"line":5},"1":{"name":"(anonymous_1)","decl":{"start":{"line":7,"column":41},"end":{"line":7,"column":46}},"loc":{"start":{"line":7,"column":46},"end":{"line":7,"column":66}},"line":7}},"branchMap":{"0":{"loc":{"start":{"line":9,"column":2},"end":{"line":11,"column":null}},"type":"if","locations":[{"start":{"line":9,"column":2},"end":{"line":11,"column":null}},{"start":{},"end":{}}],"line":9}},"s":{"0":1,"1":1,"2":1,"3":2,"4":1,"5":1,"6":0},"f":{"0":1,"1":2},"b":{"0":[1,0]},"meta":{"lastBranch":1,"lastFunction":2,"lastStatement":7,"seen":{"s:5:19:20:Infinity":0,"f:5:19:5:25":0,"s:6:37:6:Infinity":1,"s:7:22:7:Infinity":2,"f:7:41:7:46":1,"s:7:46:7:66":3,"b:9:2:11:Infinity:undefined:undefined:undefined:undefined":0,"s:9:2:11:Infinity":4,"s:10:4:10:Infinity":5,"s:13:2:18:Infinity":6}}}
,"C:\\Users\\v-tianji\\Desktop\\ghcpd\\grok-fast\\chat-app\\src\\components\\Contacts.jsx": {"path":"C:\\Users\\v-tianji\\Desktop\\ghcpd\\grok-fast\\chat-app\\src\\components\\Contacts.jsx","statementMap":{"0":{"start":{"line":4,"column":17},"end":{"line":32,"column":null}},"1":{"start":{"line":5,"column":31},"end":{"line":5,"column":null}},"2":{"start":{"line":6,"column":34},"end":{"line":6,"column":null}},"3":{"start":{"line":8,"column":20},"end":{"line":13,"column":null}},"4":{"start":{"line":9,"column":4},"end":{"line":12,"column":null}},"5":{"start":{"line":10,"column":6},"end":{"line":10,"column":null}},"6":{"start":{"line":11,"column":6},"end":{"line":11,"column":null}},"7":{"start":{"line":15,"column":2},"end":{"line":30,"column":null}},"8":{"start":{"line":20,"column":10},"end":{"line":20,"column":null}},"9":{"start":{"line":27,"column":25},"end":{"line":27,"column":null}}},"fnMap":{"0":{"name":"(anonymous_0)","decl":{"start":{"line":4,"column":17},"end":{"line":4,"column":23}},"loc":{"start":{"line":4,"column":23},"end":{"line":32,"column":null}},"line":4},"1":{"name":"(anonymous_1)","decl":{"start":{"line":8,"column":20},"end":{"line":8,"column":26}},"loc":{"start":{"line":8,"column":26},"end":{"line":13,"column":null}},"line":8},"2":{"name":"(anonymous_2)","decl":{"start":{"line":19,"column":22},"end":{"line":19,"column":null}},"loc":{"start":{"line":20,"column":10},"end":{"line":20,"column":null}},"line":20},"3":{"name":"(anonymous_3)","decl":{"start":{"line":27,"column":18},"end":{"line":27,"column":19}},"loc":{"start":{"line":27,"column":25},"end":{"line":27,"column":null}},"line":27}},"branchMap":{"0":{"loc":{"start":{"line":9,"column":4},"end":{"line":12,"column":null}},"type":"if","locations":[{"start":{"line":9,"column":4},"end":{"line":12,"column":null}},{"start":{},"end":{}}],"line":9}},"s":{"0":2,"1":5,"2":5,"3":5,"4":1,"5":1,"6":1,"7":5,"8":16,"9":1},"f":{"0":5,"1":1,"2":16,"3":1},"b":{"0":[1,0]},"meta":{"lastBranch":1,"lastFunction":4,"lastStatement":10,"seen":{"s:4:17:32:Infinity":0,"f:4:17:4:23":0,"s:5:31:5:Infinity":1,"s:6:34:6:Infinity":2,"s:8:20:13:Infinity":3,"f:8:20:8:26":1,"b:9:4:12:Infinity:undefined:undefined:undefined:undefined":0,"s:9:4:12:Infinity":4,"s:10:6:10:Infinity":5,"s:11:6:11:Infinity":6,"s:15:2:30:Infinity":7,"f:19:22:19:Infinity":2,"s:20:10:20:Infinity":8,"f:27:18:27:19":3,"s:27:25:27:Infinity":9}}}
,"C:\\Users\\v-tianji\\Desktop\\ghcpd\\grok-fast\\chat-app\\src\\components\\ConversationsList.jsx": {"path":"C:\\Users\\v-tianji\\Desktop\\ghcpd\\grok-fast\\chat-app\\src\\components\\ConversationsList.jsx","statementMap":{"0":{"start":{"line":3,"column":26},"end":{"line":23,"column":null}},"1":{"start":{"line":4,"column":57},"end":{"line":4,"column":null}},"2":{"start":{"line":6,"column":2},"end":{"line":21,"column":null}},"3":{"start":{"line":9,"column":8},"end":{"line":19,"column":null}},"4":{"start":{"line":12,"column":25},"end":{"line":12,"column":null}}},"fnMap":{"0":{"name":"(anonymous_0)","decl":{"start":{"line":3,"column":26},"end":{"line":3,"column":32}},"loc":{"start":{"line":3,"column":32},"end":{"line":23,"column":null}},"line":3},"1":{"name":"(anonymous_1)","decl":{"start":{"line":8,"column":25},"end":{"line":8,"column":null}},"loc":{"start":{"line":9,"column":8},"end":{"line":19,"column":null}},"line":9},"2":{"name":"(anonymous_2)","decl":{"start":{"line":12,"column":19},"end":{"line":12,"column":25}},"loc":{"start":{"line":12,"column":25},"end":{"line":12,"column":null}},"line":12}},"branchMap":{"0":{"loc":{"start":{"line":11,"column":37},"end":{"line":11,"column":76}},"type":"cond-expr","locations":[{"start":{"line":11,"column":63},"end":{"line":11,"column":74}},{"start":{"line":11,"column":74},"end":{"line":11,"column":76}}],"line":11}},"s":{"0":2,"1":4,"2":4,"3":8,"4":1},"f":{"0":4,"1":8,"2":1},"b":{"0":[1,7]},"meta":{"lastBranch":1,"lastFunction":3,"lastStatement":5,"seen":{"s:3:26:23:Infinity":0,"f:3:26:3:32":0,"s:4:57:4:Infinity":1,"s:6:2:21:Infinity":2,"f:8:25:8:Infinity":1,"s:9:8:19:Infinity":3,"b:11:63:11:74:11:74:11:76":0,"f:12:19:12:25":2,"s:12:25:12:Infinity":4}}}
,"C:\\Users\\v-tianji\\Desktop\\ghcpd\\grok-fast\\chat-app\\src\\components\\MessageInput.jsx": {"path":"C:\\Users\\v-tianji\\Desktop\\ghcpd\\grok-fast\\chat-app\\src\\components\\MessageInput.jsx","statementMap":{"0":{"start":{"line":4,"column":21},"end":{"line":31,"column":null}},"1":{"start":{"line":5,"column":22},"end":{"line":5,"column":null}},"2":{"start":{"line":6,"column":22},"end":{"line":6,"column":null}},"3":{"start":{"line":8,"column":21},"end":{"line":13,"column":null}},"4":{"start":{"line":9,"column":4},"end":{"line":12,"column":null}},"5":{"start":{"line":10,"column":6},"end":{"line":10,"column":null}},"6":{"start":{"line":11,"column":6},"end":{"line":11,"column":null}},"7":{"start":{"line":15,"column":25},"end":{"line":17,"column":null}},"8":{"start":{"line":16,"column":4},"end":{"line":16,"column":null}},"9":{"start":{"line":16,"column":27},"end":{"line":16,"column":null}},"10":{"start":{"line":19,"column":2},"end":{"line":29,"column":null}},"11":{"start":{"line":24,"column":25},"end":{"line":24,"column":null}}},"fnMap":{"0":{"name":"(anonymous_0)","decl":{"start":{"line":4,"column":21},"end":{"line":4,"column":27}},"loc":{"start":{"line":4,"column":27},"end":{"line":31,"column":null}},"line":4},"1":{"name":"(anonymous_1)","decl":{"start":{"line":8,"column":21},"end":{"line":8,"column":27}},"loc":{"start":{"line":8,"column":27},"end":{"line":13,"column":null}},"line":8},"2":{"name":"(anonymous_2)","decl":{"start":{"line":15,"column":25},"end":{"line":15,"column":26}},"loc":{"start":{"line":15,"column":32},"end":{"line":17,"column":null}},"line":15},"3":{"name":"(anonymous_3)","decl":{"start":{"line":24,"column":18},"end":{"line":24,"column":19}},"loc":{"start":{"line":24,"column":25},"end":{"line":24,"column":null}},"line":24}},"branchMap":{"0":{"loc":{"start":{"line":9,"column":4},"end":{"line":12,"column":null}},"type":"if","locations":[{"start":{"line":9,"column":4},"end":{"line":12,"column":null}},{"start":{},"end":{}}],"line":9},"1":{"loc":{"start":{"line":16,"column":4},"end":{"line":16,"column":null}},"type":"if","locations":[{"start":{"line":16,"column":4},"end":{"line":16,"column":null}},{"start":{},"end":{}}],"line":16}},"s":{"0":2,"1":1,"2":1,"3":1,"4":0,"5":0,"6":0,"7":1,"8":0,"9":0,"10":1,"11":0},"f":{"0":1,"1":0,"2":0,"3":0},"b":{"0":[0,0],"1":[0,0]},"meta":{"lastBranch":2,"lastFunction":4,"lastStatement":12,"seen":{"s:4:21:31:Infinity":0,"f:4:21:4:27":0,"s:5:22:5:Infinity":1,"s:6:22:6:Infinity":2,"s:8:21:13:Infinity":3,"f:8:21:8:27":1,"b:9:4:12:Infinity:undefined:undefined:undefined:undefined":0,"s:9:4:12:Infinity":4,"s:10:6:10:Infinity":5,"s:11:6:11:Infinity":6,"s:15:25:17:Infinity":7,"f:15:25:15:26":2,"b:16:4:16:Infinity:undefined:undefined:undefined:undefined":1,"s:16:4:16:Infinity":8,"s:16:27:16:Infinity":9,"s:19:2:29:Infinity":10,"f:24:18:24:19":3,"s:24:25:24:Infinity":11}}}
,"C:\\Users\\v-tianji\\Desktop\\ghcpd\\grok-fast\\chat-app\\src\\components\\MessageList.jsx": {"path":"C:\\Users\\v-tianji\\Desktop\\ghcpd\\grok-fast\\chat-app\\src\\components\\MessageList.jsx","statementMap":{"0":{"start":{"line":3,"column":20},"end":{"line":17,"column":null}},"1":{"start":{"line":4,"column":32},"end":{"line":4,"column":null}},"2":{"start":{"line":5,"column":15},"end":{"line":5,"column":null}},"3":{"start":{"line":7,"column":2},"end":{"line":15,"column":null}},"4":{"start":{"line":10,"column":8},"end":{"line":13,"column":null}}},"fnMap":{"0":{"name":"(anonymous_0)","decl":{"start":{"line":3,"column":20},"end":{"line":3,"column":26}},"loc":{"start":{"line":3,"column":26},"end":{"line":17,"column":null}},"line":3},"1":{"name":"(anonymous_1)","decl":{"start":{"line":9,"column":16},"end":{"line":9,"column":null}},"loc":{"start":{"line":10,"column":8},"end":{"line":13,"column":null}},"line":10}},"branchMap":{"0":{"loc":{"start":{"line":5,"column":15},"end":{"line":5,"column":null}},"type":"binary-expr","locations":[{"start":{"line":5,"column":15},"end":{"line":5,"column":40}},{"start":{"line":5,"column":40},"end":{"line":5,"column":null}}],"line":5},"1":{"loc":{"start":{"line":10,"column":48},"end":{"line":10,"column":81}},"type":"cond-expr","locations":[{"start":{"line":10,"column":70},"end":{"line":10,"column":79}},{"start":{"line":10,"column":79},"end":{"line":10,"column":81}}],"line":10}},"s":{"0":1,"1":0,"2":0,"3":0,"4":0},"f":{"0":0,"1":0},"b":{"0":[0,0],"1":[0,0]},"meta":{"lastBranch":2,"lastFunction":2,"lastStatement":5,"seen":{"s:3:20:17:Infinity":0,"f:3:20:3:26":0,"s:4:32:4:Infinity":1,"s:5:15:5:Infinity":2,"b:5:15:5:40:5:40:5:Infinity":0,"s:7:2:15:Infinity":3,"f:9:16:9:Infinity":1,"s:10:8:13:Infinity":4,"b:10:70:10:79:10:79:10:81":1}}}
,"C:\\Users\\v-tianji\\Desktop\\ghcpd\\grok-fast\\chat-app\\src\\components\\SearchBar.jsx": {"path":"C:\\Users\\v-tianji\\Desktop\\ghcpd\\grok-fast\\chat-app\\src\\components\\SearchBar.jsx","statementMap":{"0":{"start":{"line":3,"column":18},"end":{"line":14,"column":null}},"1":{"start":{"line":4,"column":36},"end":{"line":4,"column":null}},"2":{"start":{"line":6,"column":2},"end":{"line":12,"column":null}},"3":{"start":{"line":11,"column":23},"end":{"line":11,"column":null}}},"fnMap":{"0":{"name":"(anonymous_0)","decl":{"start":{"line":3,"column":18},"end":{"line":3,"column":24}},"loc":{"start":{"line":3,"column":24},"end":{"line":14,"column":null}},"line":3},"1":{"name":"(anonymous_1)","decl":{"start":{"line":11,"column":16},"end":{"line":11,"column":17}},"loc":{"start":{"line":11,"column":23},"end":{"line":11,"column":null}},"line":11}},"branchMap":{},"s":{"0":2,"1":3,"2":3,"3":1},"f":{"0":3,"1":1},"b":{},"meta":{"lastBranch":0,"lastFunction":2,"lastStatement":4,"seen":{"s:3:18:14:Infinity":0,"f:3:18:3:24":0,"s:4:36:4:Infinity":1,"s:6:2:12:Infinity":2,"f:11:16:11:17":1,"s:11:23:11:Infinity":3}}}
,"C:\\Users\\v-tianji\\Desktop\\ghcpd\\grok-fast\\chat-app\\src\\components\\Sidebar.jsx": {"path":"C:\\Users\\v-tianji\\Desktop\\ghcpd\\grok-fast\\chat-app\\src\\components\\Sidebar.jsx","statementMap":{"0":{"start":{"line":5,"column":16},"end":{"line":13,"column":null}},"1":{"start":{"line":6,"column":2},"end":{"line":11,"column":null}}},"fnMap":{"0":{"name":"(anonymous_0)","decl":{"start":{"line":5,"column":16},"end":{"line":5,"column":22}},"loc":{"start":{"line":5,"column":22},"end":{"line":13,"column":null}},"line":5}},"branchMap":{},"s":{"0":1,"1":1},"f":{"0":1},"b":{},"meta":{"lastBranch":0,"lastFunction":1,"lastStatement":2,"seen":{"s:5:16:13:Infinity":0,"f:5:16:5:22":0,"s:6:2:11:Infinity":1}}}
,"C:\\Users\\v-tianji\\Desktop\\ghcpd\\grok-fast\\chat-app\\src\\context\\ChatContext.jsx": {"path":"C:\\Users\\v-tianji\\Desktop\\ghcpd\\grok-fast\\chat-app\\src\\context\\ChatContext.jsx","statementMap":{"0":{"start":{"line":4,"column":24},"end":{"line":8,"column":null}},"1":{"start":{"line":10,"column":29},"end":{"line":13,"column":null}},"2":{"start":{"line":15,"column":24},"end":{"line":18,"column":null}},"3":{"start":{"line":20,"column":6},"end":{"line":20,"column":null}},"4":{"start":{"line":22,"column":23},"end":{"line":22,"column":null}},"5":{"start":{"line":24,"column":28},"end":{"line":78,"column":null}},"6":{"start":{"line":25,"column":40},"end":{"line":25,"column":null}},"7":{"start":{"line":26,"column":30},"end":{"line":26,"column":null}},"8":{"start":{"line":27,"column":30},"end":{"line":27,"column":null}},"9":{"start":{"line":28,"column":36},"end":{"line":28,"column":null}},"10":{"start":{"line":29,"column":34},"end":{"line":29,"column":null}},"11":{"start":{"line":31,"column":29},"end":{"line":33,"column":null}},"12":{"start":{"line":32,"column":4},"end":{"line":32,"column":null}},"13":{"start":{"line":35,"column":22},"end":{"line":51,"column":null}},"14":{"start":{"line":36,"column":4},"end":{"line":36,"column":null}},"15":{"start":{"line":36,"column":22},"end":{"line":36,"column":null}},"16":{"start":{"line":37,"column":23},"end":{"line":42,"column":null}},"17":{"start":{"line":43,"column":4},"end":{"line":46,"column":null}},"18":{"start":{"line":43,"column":25},"end":{"line":46,"column":6}},"19":{"start":{"line":48,"column":4},"end":{"line":50,"column":null}},"20":{"start":{"line":48,"column":29},"end":{"line":50,"column":5}},"21":{"start":{"line":49,"column":6},"end":{"line":49,"column":null}},"22":{"start":{"line":53,"column":21},"end":{"line":56,"column":null}},"23":{"start":{"line":54,"column":23},"end":{"line":54,"column":null}},"24":{"start":{"line":55,"column":4},"end":{"line":55,"column":null}},"25":{"start":{"line":55,"column":24},"end":{"line":55,"column":45}},"26":{"start":{"line":58,"column":32},"end":{"line":61,"column":null}},"27":{"start":{"line":59,"column":4},"end":{"line":60,"column":null}},"28":{"start":{"line":63,"column":2},"end":{"line":76,"column":null}}},"fnMap":{"0":{"name":"(anonymous_0)","decl":{"start":{"line":22,"column":23},"end":{"line":22,"column":29}},"loc":{"start":{"line":22,"column":23},"end":{"line":22,"column":null}},"line":22},"1":{"name":"(anonymous_1)","decl":{"start":{"line":24,"column":28},"end":{"line":24,"column":29}},"loc":{"start":{"line":24,"column":46},"end":{"line":78,"column":null}},"line":24},"2":{"name":"(anonymous_2)","decl":{"start":{"line":31,"column":29},"end":{"line":31,"column":30}},"loc":{"start":{"line":31,"column":37},"end":{"line":33,"column":null}},"line":31},"3":{"name":"(anonymous_3)","decl":{"start":{"line":35,"column":22},"end":{"line":35,"column":23}},"loc":{"start":{"line":35,"column":32},"end":{"line":51,"column":null}},"line":35},"4":{"name":"(anonymous_4)","decl":{"start":{"line":43,"column":16},"end":{"line":43,"column":25}},"loc":{"start":{"line":43,"column":25},"end":{"line":46,"column":6}},"line":43},"5":{"name":"(anonymous_5)","decl":{"start":{"line":48,"column":21},"end":{"line":48,"column":29}},"loc":{"start":{"line":48,"column":29},"end":{"line":50,"column":5}},"line":48},"6":{"name":"(anonymous_6)","decl":{"start":{"line":48,"column":38},"end":{"line":48,"column":null}},"loc":{"start":{"line":49,"column":6},"end":{"line":49,"column":null}},"line":49},"7":{"name":"(anonymous_7)","decl":{"start":{"line":53,"column":21},"end":{"line":53,"column":22}},"loc":{"start":{"line":53,"column":31},"end":{"line":56,"column":null}},"line":53},"8":{"name":"(anonymous_8)","decl":{"start":{"line":55,"column":16},"end":{"line":55,"column":24}},"loc":{"start":{"line":55,"column":24},"end":{"line":55,"column":45}},"line":55},"9":{"name":"(anonymous_9)","decl":{"start":{"line":58,"column":53},"end":{"line":58,"column":null}},"loc":{"start":{"line":59,"column":4},"end":{"line":60,"column":null}},"line":59}},"branchMap":{"0":{"loc":{"start":{"line":36,"column":4},"end":{"line":36,"column":null}},"type":"if","locations":[{"start":{"line":36,"column":4},"end":{"line":36,"column":null}},{"start":{},"end":{}}],"line":36},"1":{"loc":{"start":{"line":45,"column":26},"end":{"line":45,"column":52}},"type":"binary-expr","locations":[{"start":{"line":45,"column":26},"end":{"line":45,"column":47}},{"start":{"line":45,"column":47},"end":{"line":45,"column":52}}],"line":45},"2":{"loc":{"start":{"line":49,"column":6},"end":{"line":49,"column":null}},"type":"cond-expr","locations":[{"start":{"line":49,"column":32},"end":{"line":49,"column":88}},{"start":{"line":49,"column":88},"end":{"line":49,"column":null}}],"line":49},"3":{"loc":{"start":{"line":59,"column":4},"end":{"line":60,"column":null}},"type":"binary-expr","locations":[{"start":{"line":59,"column":4},"end":{"line":59,"column":null}},{"start":{"line":60,"column":4},"end":{"line":60,"column":null}}],"line":59}},"s":{"0":5,"1":5,"2":5,"3":5,"4":14,"5":5,"6":10,"7":10,"8":10,"9":10,"10":10,"11":10,"12":1,"13":10,"14":0,"15":0,"16":0,"17":0,"18":0,"19":0,"20":0,"21":0,"22":10,"23":1,"24":1,"25":1,"26":10,"27":20,"28":10},"f":{"0":14,"1":10,"2":1,"3":0,"4":0,"5":0,"6":0,"7":1,"8":1,"9":20},"b":{"0":[0,0],"1":[0,0],"2":[0,0],"3":[20,1]},"meta":{"lastBranch":4,"lastFunction":10,"lastStatement":29,"seen":{"s:4:24:8:Infinity":0,"s:10:29:13:Infinity":1,"s:15:24:18:Infinity":2,"s:20:6:20:Infinity":3,"s:22:23:22:Infinity":4,"f:22:23:22:29":0,"s:24:28:78:Infinity":5,"f:24:28:24:29":1,"s:25:40:25:Infinity":6,"s:26:30:26:Infinity":7,"s:27:30:27:Infinity":8,"s:28:36:28:Infinity":9,"s:29:34:29:Infinity":10,"s:31:29:33:Infinity":11,"f:31:29:31:30":2,"s:32:4:32:Infinity":12,"s:35:22:51:Infinity":13,"f:35:22:35:23":3,"b:36:4:36:Infinity:undefined:undefined:undefined:undefined":0,"s:36:4:36:Infinity":14,"s:36:22:36:Infinity":15,"s:37:23:42:Infinity":16,"s:43:4:46:Infinity":17,"f:43:16:43:25":4,"s:43:25:46:6":18,"b:45:26:45:47:45:47:45:52":1,"s:48:4:50:Infinity":19,"f:48:21:48:29":5,"s:48:29:50:5":20,"f:48:38:48:Infinity":6,"s:49:6:49:Infinity":21,"b:49:32:49:88:49:88:49:Infinity":2,"s:53:21:56:Infinity":22,"f:53:21:53:22":7,"s:54:23:54:Infinity":23,"s:55:4:55:Infinity":24,"f:55:16:55:24":8,"s:55:24:55:45":25,"s:58:32:61:Infinity":26,"f:58:53:58:Infinity":9,"s:59:4:60:Infinity":27,"b:59:4:59:Infinity:60:4:60:Infinity":3,"s:63:2:76:Infinity":28}}}
}
