TN:
SF:postcss.config.cjs
FNF:0
FNH:0
DA:1,1
DA:2,1
DA:3,1
DA:4,1
DA:5,1
DA:6,1
LF:6
LH:6
BRDA:1,0,0,1
BRF:1
BRH:1
end_of_record
TN:
SF:vitest.config.ts
FN:1,default
FNF:1
FNH:1
FNDA:1,default
DA:1,1
DA:2,1
DA:3,1
DA:4,1
DA:5,1
DA:6,1
DA:7,1
DA:8,1
DA:9,1
LF:9
LH:9
BRDA:1,0,0,1
BRF:1
BRH:1
end_of_record
TN:
SF:src\App.tsx
FNF:0
FNH:0
DA:1,2
DA:2,2
DA:3,2
DA:4,2
DA:5,2
DA:6,2
DA:7,2
DA:8,2
DA:9,2
DA:10,2
DA:11,2
DA:12,2
DA:13,2
DA:14,2
DA:15,2
DA:16,2
DA:17,2
DA:18,2
DA:19,2
DA:20,2
DA:21,2
DA:22,2
DA:23,2
DA:24,2
DA:25,2
DA:26,2
DA:27,2
DA:28,2
DA:29,2
DA:30,2
DA:31,2
DA:32,2
LF:32
LH:32
BRDA:1,0,0,2
BRDA:1,1,0,2
BRF:2
BRH:2
end_of_record
TN:
SF:src\setupTests.ts
FNF:0
FNH:0
DA:1,2
LF:1
LH:1
BRDA:1,0,0,2
BRDA:1,1,0,2
BRF:2
BRH:2
end_of_record
TN:
SF:src\store.ts
FN:27,setActive
FN:28,sendMessage
FN:38,searchMessages
FN:48,addContact
FN:52,loadMock
FN:74,get
FNF:6
FNH:6
FNDA:1,setActive
FNDA:1,sendMessage
FNDA:7,searchMessages
FNDA:1,addContact
FNDA:4,loadMock
FNDA:165,get
DA:1,2
DA:2,2
DA:3,2
DA:4,2
DA:5,2
DA:6,2
DA:7,2
DA:8,2
DA:9,2
DA:10,2
DA:11,2
DA:12,2
DA:13,2
DA:14,2
DA:15,2
DA:16,2
DA:17,2
DA:18,2
DA:19,2
DA:20,2
DA:21,2
DA:22,2
DA:23,2
DA:24,2
DA:25,2
DA:26,2
DA:27,1
DA:28,2
DA:29,1
DA:30,1
DA:31,1
DA:32,1
DA:33,1
DA:34,1
DA:35,1
DA:36,1
DA:37,2
DA:38,2
DA:39,7
DA:40,7
DA:41,7
DA:42,7
DA:43,7
DA:44,14
DA:45,21
DA:46,21
DA:47,7
DA:48,2
DA:49,1
DA:50,1
DA:51,2
DA:52,2
DA:53,4
DA:54,4
DA:55,4
DA:56,4
DA:57,4
DA:58,4
DA:59,4
DA:60,4
DA:61,4
DA:62,4
DA:63,4
DA:64,4
DA:65,4
DA:66,4
DA:67,4
DA:68,4
DA:69,4
DA:70,4
DA:71,4
DA:72,4
DA:73,2
DA:74,2
DA:75,2
DA:76,2
DA:77,2
DA:78,2
DA:79,2
DA:80,2
LF:80
LH:80
BRDA:1,0,0,2
BRDA:1,1,0,2
BRDA:23,2,0,2
BRDA:27,3,0,1
BRDA:28,4,0,1
BRDA:31,5,0,0
BRDA:35,6,0,2
BRDA:35,7,0,1
BRDA:37,8,0,1
BRDA:38,9,0,7
BRDA:38,10,0,0
BRDA:43,11,0,14
BRDA:44,12,0,21
BRDA:46,13,0,8
BRDA:48,14,0,1
BRDA:52,15,0,4
BRDA:74,16,0,165
BRF:17
BRH:15
end_of_record
TN:
SF:src\components\ChatList.tsx
FN:14,ChatList
FN:29,onClick
FNF:2
FNH:2
FNDA:11,ChatList
FNDA:1,onClick
DA:1,2
DA:2,2
DA:3,2
DA:4,2
DA:5,2
DA:6,2
DA:7,2
DA:8,2
DA:9,2
DA:10,2
DA:11,2
DA:12,2
DA:13,2
DA:14,2
DA:15,11
DA:16,11
DA:17,11
DA:18,11
DA:19,11
DA:20,11
DA:21,11
DA:22,11
DA:23,16
DA:24,16
DA:25,16
DA:26,16
DA:27,16
DA:28,16
DA:29,1
DA:30,1
DA:31,1
LF:31
LH:31
BRDA:1,0,0,2
BRDA:1,1,0,2
BRDA:14,2,0,11
BRDA:14,3,0,17
BRDA:16,4,0,17
BRDA:18,5,0,17
BRDA:22,6,0,16
BRDA:26,7,0,8
BRDA:27,8,0,8
BRDA:29,9,0,1
BRF:10
BRH:10
end_of_record
TN:
SF:src\components\ChatWindow.tsx
FN:21,ChatWindow
FNF:1
FNH:1
FNDA:11,ChatWindow
DA:1,2
DA:2,2
DA:3,2
DA:4,2
DA:5,2
DA:6,2
DA:7,2
DA:8,2
DA:9,2
DA:10,2
DA:11,2
DA:12,2
DA:13,2
DA:14,2
DA:15,2
DA:16,2
DA:17,2
DA:18,2
DA:19,2
DA:20,2
DA:21,11
DA:22,11
DA:23,11
DA:24,11
DA:25,11
DA:26,11
DA:27,17
DA:28,11
DA:29,11
DA:30,11
DA:31,8
DA:32,6
DA:33,0
DA:34,0
DA:35,0
DA:36,6
DA:37,6
DA:38,6
LF:38
LH:35
BRDA:1,0,0,2
BRDA:1,1,0,2
BRDA:21,2,0,11
BRDA:23,3,0,17
BRDA:26,4,0,17
BRDA:27,5,0,20
BRDA:28,6,0,17
BRDA:30,7,0,8
BRDA:31,8,0,6
BRDA:32,9,0,0
BRF:10
BRH:9
end_of_record
TN:
SF:src\components\ContactsPanel.tsx
FN:19,ContactsPanel
FN:25,submit
FNF:2
FNH:2
FNDA:17,ContactsPanel
FNDA:1,submit
DA:1,2
DA:2,2
DA:3,2
DA:4,2
DA:5,2
DA:6,2
DA:7,2
DA:8,2
DA:9,2
DA:10,2
DA:11,2
DA:12,2
DA:13,2
DA:14,2
DA:15,2
DA:16,2
DA:17,2
DA:18,2
DA:19,2
DA:20,17
DA:21,17
DA:22,17
DA:23,17
DA:24,17
DA:25,17
DA:26,17
DA:27,17
DA:28,17
DA:29,17
DA:30,17
LF:30
LH:30
BRDA:1,0,0,2
BRDA:1,1,0,2
BRDA:19,2,0,17
BRDA:21,3,0,23
BRDA:24,4,0,23
BRDA:25,5,0,1
BRDA:25,6,0,0
BRF:7
BRH:6
end_of_record
TN:
SF:src\components\MessageBubble.tsx
FN:9,MessageBubble
FNF:1
FNH:1
FNDA:15,MessageBubble
DA:1,2
DA:2,2
DA:3,2
DA:4,2
DA:5,2
DA:6,2
DA:7,2
DA:8,2
DA:9,2
DA:10,15
DA:11,15
DA:12,15
DA:13,15
DA:14,15
DA:15,15
DA:16,15
DA:17,15
DA:18,15
DA:19,15
LF:19
LH:19
BRDA:1,0,0,2
BRDA:1,1,0,2
BRDA:9,2,0,15
BRDA:14,3,0,7
BRDA:14,4,0,8
BRF:5
BRH:5
end_of_record
TN:
SF:src\components\MessageInput.tsx
FN:19,MessageInput
FN:24,submit
FNF:2
FNH:2
FNDA:18,MessageInput
FNDA:1,submit
DA:1,2
DA:2,2
DA:3,2
DA:4,2
DA:5,2
DA:6,2
DA:7,2
DA:8,2
DA:9,2
DA:10,2
DA:11,2
DA:12,2
DA:13,2
DA:14,2
DA:15,2
DA:16,2
DA:17,2
DA:18,2
DA:19,2
DA:20,18
DA:21,18
DA:22,18
DA:23,18
DA:24,18
DA:25,1
DA:26,1
DA:27,1
DA:28,1
DA:29,1
LF:29
LH:29
BRDA:1,0,0,2
BRDA:1,1,0,2
BRDA:19,2,0,18
BRDA:24,3,0,22
BRDA:24,4,0,1
BRDA:24,5,0,0
BRF:6
BRH:5
end_of_record
TN:
SF:src\components\SearchBar.tsx
FN:14,SearchBar
FN:31,jumpToMessage
FN:37,onChange
FNF:3
FNH:2
FNDA:17,SearchBar
FNDA:0,jumpToMessage
FNDA:7,onChange
DA:1,2
DA:2,2
DA:3,2
DA:4,2
DA:5,2
DA:6,2
DA:7,2
DA:8,2
DA:9,2
DA:10,2
DA:11,2
DA:12,2
DA:13,2
DA:14,2
DA:15,17
DA:16,17
DA:17,17
DA:18,17
DA:19,17
DA:20,17
DA:21,17
DA:22,17
DA:23,17
DA:24,17
DA:25,17
DA:26,17
DA:27,17
DA:28,17
DA:29,17
DA:30,17
DA:31,17
DA:32,0
DA:33,17
DA:34,17
DA:35,17
DA:36,17
DA:37,17
DA:38,7
DA:39,17
DA:40,17
DA:41,17
DA:42,17
DA:43,17
LF:43
LH:42
BRDA:1,0,0,2
BRDA:1,1,0,2
BRDA:14,2,0,17
BRDA:29,3,0,7
BRDA:30,4,0,9
BRDA:23,5,0,23
BRDA:26,6,0,23
BRDA:27,7,0,23
BRDA:37,8,0,7
BRF:9
BRH:9
end_of_record
